2020-04-27 01:46:47,618 ERROR 1924 [-/127.0.0.1/-/7ms GET /getCode?type=YQCode&tid=2] nodejs.ReferenceError: code is not defined
    at TodoController.getCode (C:\Users\LixWorth\Project\BlessingTodoBackend\app\controller\todo.js:195:193)
    at Object.callFn (C:\Users\LixWorth\Project\BlessingTodoBackend\node_modules\egg-core\lib\utils\index.js:44:21)
    at Object.classControllerMiddleware (C:\Users\LixWorth\Project\BlessingTodoBackend\node_modules\egg-core\lib\loader\mixin\controller.js:87:20)
    at Object.callFn (C:\Users\LixWorth\Project\BlessingTodoBackend\node_modules\@eggjs\router\lib\utils.js:12:21)
    at wrappedController (C:\Users\LixWorth\Project\BlessingTodoBackend\node_modules\@eggjs\router\lib\egg_router.js:322:18)
    at dispatch (C:\Users\LixWorth\Project\BlessingTodoBackend\node_modules\koa-compose\index.js:44:32)
    at next (C:\Users\LixWorth\Project\BlessingTodoBackend\node_modules\koa-compose\index.js:45:18)
    at C:\Users\LixWorth\Project\BlessingTodoBackend\node_modules\@eggjs\router\lib\router.js:190:18
    at dispatch (C:\Users\LixWorth\Project\BlessingTodoBackend\node_modules\koa-compose\index.js:44:32)
    at C:\Users\LixWorth\Project\BlessingTodoBackend\node_modules\koa-compose\index.js:36:12

pid: 1924
hostname: LixWorth-HP-PC

2020-04-27 01:47:22,346 ERROR 6384 [-/127.0.0.1/-/2268ms GET /getCode?type=YQCode&tid=2] nodejs.ReferenceError: data is not defined
    at TodoController.getCode (C:\Users\LixWorth\Project\BlessingTodoBackend\app\controller\todo.js:199:113)
    at processTicksAndRejections (internal/process/task_queues.js:97:5)
    at async C:\Users\LixWorth\Project\BlessingTodoBackend\node_modules\egg-development\app\middleware\egg_loader_trace.js:9:50
    at async xframe (C:\Users\LixWorth\Project\BlessingTodoBackend\node_modules\egg-security\lib\middlewares\xframe.js:7:5)
    at async xssProtection (C:\Users\LixWorth\Project\BlessingTodoBackend\node_modules\egg-security\lib\middlewares\xssProtection.js:7:5)
    at async nosniff (C:\Users\LixWorth\Project\BlessingTodoBackend\node_modules\egg-security\lib\middlewares\nosniff.js:8:5)
    at async noopen (C:\Users\LixWorth\Project\BlessingTodoBackend\node_modules\egg-security\lib\middlewares\noopen.js:8:5)
    at async session (C:\Users\LixWorth\Project\BlessingTodoBackend\node_modules\koa-session\index.js:41:7)
    at async bodyParser (C:\Users\LixWorth\Project\BlessingTodoBackend\node_modules\koa-bodyparser\index.js:95:5)
    at async C:\Users\LixWorth\Project\BlessingTodoBackend\node_modules\koa-static-cache\index.js:53:56

pid: 6384
hostname: LixWorth-HP-PC

2020-04-27 02:19:42,952 ERROR 12344 [-/192.168.3.3/-/1202ms GET /getTodo?tid=2] nodejs.TypeError: Cannot read property 'id' of null
    at TodoController.getTodo (C:\Users\LixWorth\Project\BlessingTodoBackend\app\controller\todo.js:129:28)
    at processTicksAndRejections (internal/process/task_queues.js:97:5)
    at async userInterceptor (C:\Users\LixWorth\Project\BlessingTodoBackend\app\middleware\jwt.js:33:9)
    at async C:\Users\LixWorth\Project\BlessingTodoBackend\node_modules\egg-development\app\middleware\egg_loader_trace.js:9:50
    at async xframe (C:\Users\LixWorth\Project\BlessingTodoBackend\node_modules\egg-security\lib\middlewares\xframe.js:7:5)
    at async xssProtection (C:\Users\LixWorth\Project\BlessingTodoBackend\node_modules\egg-security\lib\middlewares\xssProtection.js:7:5)
    at async nosniff (C:\Users\LixWorth\Project\BlessingTodoBackend\node_modules\egg-security\lib\middlewares\nosniff.js:8:5)
    at async noopen (C:\Users\LixWorth\Project\BlessingTodoBackend\node_modules\egg-security\lib\middlewares\noopen.js:8:5)
    at async session (C:\Users\LixWorth\Project\BlessingTodoBackend\node_modules\koa-session\index.js:41:7)
    at async bodyParser (C:\Users\LixWorth\Project\BlessingTodoBackend\node_modules\koa-bodyparser\index.js:95:5)

pid: 12344
hostname: LixWorth-HP-PC

2020-04-27 02:19:44,389 ERROR 12344 [-/192.168.3.3/-/17ms GET /getTodo?tid=2] nodejs.TypeError: Cannot read property 'id' of null
    at TodoController.getTodo (C:\Users\LixWorth\Project\BlessingTodoBackend\app\controller\todo.js:129:28)
    at processTicksAndRejections (internal/process/task_queues.js:97:5)
    at async userInterceptor (C:\Users\LixWorth\Project\BlessingTodoBackend\app\middleware\jwt.js:33:9)
    at async C:\Users\LixWorth\Project\BlessingTodoBackend\node_modules\egg-development\app\middleware\egg_loader_trace.js:9:50
    at async xframe (C:\Users\LixWorth\Project\BlessingTodoBackend\node_modules\egg-security\lib\middlewares\xframe.js:7:5)
    at async xssProtection (C:\Users\LixWorth\Project\BlessingTodoBackend\node_modules\egg-security\lib\middlewares\xssProtection.js:7:5)
    at async nosniff (C:\Users\LixWorth\Project\BlessingTodoBackend\node_modules\egg-security\lib\middlewares\nosniff.js:8:5)
    at async noopen (C:\Users\LixWorth\Project\BlessingTodoBackend\node_modules\egg-security\lib\middlewares\noopen.js:8:5)
    at async session (C:\Users\LixWorth\Project\BlessingTodoBackend\node_modules\koa-session\index.js:41:7)
    at async bodyParser (C:\Users\LixWorth\Project\BlessingTodoBackend\node_modules\koa-bodyparser\index.js:95:5)

pid: 12344
hostname: LixWorth-HP-PC

2020-04-27 02:19:45,853 ERROR 12344 [-/192.168.3.3/-/16ms GET /getTodo?tid=2] nodejs.TypeError: Cannot read property 'id' of null
    at TodoController.getTodo (C:\Users\LixWorth\Project\BlessingTodoBackend\app\controller\todo.js:129:28)
    at processTicksAndRejections (internal/process/task_queues.js:97:5)
    at async userInterceptor (C:\Users\LixWorth\Project\BlessingTodoBackend\app\middleware\jwt.js:33:9)
    at async C:\Users\LixWorth\Project\BlessingTodoBackend\node_modules\egg-development\app\middleware\egg_loader_trace.js:9:50
    at async xframe (C:\Users\LixWorth\Project\BlessingTodoBackend\node_modules\egg-security\lib\middlewares\xframe.js:7:5)
    at async xssProtection (C:\Users\LixWorth\Project\BlessingTodoBackend\node_modules\egg-security\lib\middlewares\xssProtection.js:7:5)
    at async nosniff (C:\Users\LixWorth\Project\BlessingTodoBackend\node_modules\egg-security\lib\middlewares\nosniff.js:8:5)
    at async noopen (C:\Users\LixWorth\Project\BlessingTodoBackend\node_modules\egg-security\lib\middlewares\noopen.js:8:5)
    at async session (C:\Users\LixWorth\Project\BlessingTodoBackend\node_modules\koa-session\index.js:41:7)
    at async bodyParser (C:\Users\LixWorth\Project\BlessingTodoBackend\node_modules\koa-bodyparser\index.js:95:5)

pid: 12344
hostname: LixWorth-HP-PC

2020-04-27 02:19:47,357 ERROR 12344 [-/192.168.3.3/-/15ms GET /getTodo?tid=2] nodejs.TypeError: Cannot read property 'id' of null
    at TodoController.getTodo (C:\Users\LixWorth\Project\BlessingTodoBackend\app\controller\todo.js:129:28)
    at processTicksAndRejections (internal/process/task_queues.js:97:5)
    at async userInterceptor (C:\Users\LixWorth\Project\BlessingTodoBackend\app\middleware\jwt.js:33:9)
    at async C:\Users\LixWorth\Project\BlessingTodoBackend\node_modules\egg-development\app\middleware\egg_loader_trace.js:9:50
    at async xframe (C:\Users\LixWorth\Project\BlessingTodoBackend\node_modules\egg-security\lib\middlewares\xframe.js:7:5)
    at async xssProtection (C:\Users\LixWorth\Project\BlessingTodoBackend\node_modules\egg-security\lib\middlewares\xssProtection.js:7:5)
    at async nosniff (C:\Users\LixWorth\Project\BlessingTodoBackend\node_modules\egg-security\lib\middlewares\nosniff.js:8:5)
    at async noopen (C:\Users\LixWorth\Project\BlessingTodoBackend\node_modules\egg-security\lib\middlewares\noopen.js:8:5)
    at async session (C:\Users\LixWorth\Project\BlessingTodoBackend\node_modules\koa-session\index.js:41:7)
    at async bodyParser (C:\Users\LixWorth\Project\BlessingTodoBackend\node_modules\koa-bodyparser\index.js:95:5)

pid: 12344
hostname: LixWorth-HP-PC

2020-04-27 02:19:48,932 ERROR 12344 [-/192.168.3.3/-/17ms GET /getTodo?tid=2] nodejs.TypeError: Cannot read property 'id' of null
    at TodoController.getTodo (C:\Users\LixWorth\Project\BlessingTodoBackend\app\controller\todo.js:129:28)
    at processTicksAndRejections (internal/process/task_queues.js:97:5)
    at async userInterceptor (C:\Users\LixWorth\Project\BlessingTodoBackend\app\middleware\jwt.js:33:9)
    at async C:\Users\LixWorth\Project\BlessingTodoBackend\node_modules\egg-development\app\middleware\egg_loader_trace.js:9:50
    at async xframe (C:\Users\LixWorth\Project\BlessingTodoBackend\node_modules\egg-security\lib\middlewares\xframe.js:7:5)
    at async xssProtection (C:\Users\LixWorth\Project\BlessingTodoBackend\node_modules\egg-security\lib\middlewares\xssProtection.js:7:5)
    at async nosniff (C:\Users\LixWorth\Project\BlessingTodoBackend\node_modules\egg-security\lib\middlewares\nosniff.js:8:5)
    at async noopen (C:\Users\LixWorth\Project\BlessingTodoBackend\node_modules\egg-security\lib\middlewares\noopen.js:8:5)
    at async session (C:\Users\LixWorth\Project\BlessingTodoBackend\node_modules\koa-session\index.js:41:7)
    at async bodyParser (C:\Users\LixWorth\Project\BlessingTodoBackend\node_modules\koa-bodyparser\index.js:95:5)

pid: 12344
hostname: LixWorth-HP-PC

2020-04-27 02:19:50,454 ERROR 12344 [-/192.168.3.3/-/16ms GET /getTodo?tid=2] nodejs.TypeError: Cannot read property 'id' of null
    at TodoController.getTodo (C:\Users\LixWorth\Project\BlessingTodoBackend\app\controller\todo.js:129:28)
    at processTicksAndRejections (internal/process/task_queues.js:97:5)
    at async userInterceptor (C:\Users\LixWorth\Project\BlessingTodoBackend\app\middleware\jwt.js:33:9)
    at async C:\Users\LixWorth\Project\BlessingTodoBackend\node_modules\egg-development\app\middleware\egg_loader_trace.js:9:50
    at async xframe (C:\Users\LixWorth\Project\BlessingTodoBackend\node_modules\egg-security\lib\middlewares\xframe.js:7:5)
    at async xssProtection (C:\Users\LixWorth\Project\BlessingTodoBackend\node_modules\egg-security\lib\middlewares\xssProtection.js:7:5)
    at async nosniff (C:\Users\LixWorth\Project\BlessingTodoBackend\node_modules\egg-security\lib\middlewares\nosniff.js:8:5)
    at async noopen (C:\Users\LixWorth\Project\BlessingTodoBackend\node_modules\egg-security\lib\middlewares\noopen.js:8:5)
    at async session (C:\Users\LixWorth\Project\BlessingTodoBackend\node_modules\koa-session\index.js:41:7)
    at async bodyParser (C:\Users\LixWorth\Project\BlessingTodoBackend\node_modules\koa-bodyparser\index.js:95:5)

pid: 12344
hostname: LixWorth-HP-PC

2020-04-27 02:19:52,110 ERROR 12344 [-/192.168.3.3/-/18ms GET /getTodo?tid=2] nodejs.TypeError: Cannot read property 'id' of null
    at TodoController.getTodo (C:\Users\LixWorth\Project\BlessingTodoBackend\app\controller\todo.js:129:28)
    at processTicksAndRejections (internal/process/task_queues.js:97:5)
    at async userInterceptor (C:\Users\LixWorth\Project\BlessingTodoBackend\app\middleware\jwt.js:33:9)
    at async C:\Users\LixWorth\Project\BlessingTodoBackend\node_modules\egg-development\app\middleware\egg_loader_trace.js:9:50
    at async xframe (C:\Users\LixWorth\Project\BlessingTodoBackend\node_modules\egg-security\lib\middlewares\xframe.js:7:5)
    at async xssProtection (C:\Users\LixWorth\Project\BlessingTodoBackend\node_modules\egg-security\lib\middlewares\xssProtection.js:7:5)
    at async nosniff (C:\Users\LixWorth\Project\BlessingTodoBackend\node_modules\egg-security\lib\middlewares\nosniff.js:8:5)
    at async noopen (C:\Users\LixWorth\Project\BlessingTodoBackend\node_modules\egg-security\lib\middlewares\noopen.js:8:5)
    at async session (C:\Users\LixWorth\Project\BlessingTodoBackend\node_modules\koa-session\index.js:41:7)
    at async bodyParser (C:\Users\LixWorth\Project\BlessingTodoBackend\node_modules\koa-bodyparser\index.js:95:5)

pid: 12344
hostname: LixWorth-HP-PC

2020-04-27 02:19:53,792 ERROR 12344 [-/192.168.3.3/-/16ms GET /getTodo?tid=2] nodejs.TypeError: Cannot read property 'id' of null
    at TodoController.getTodo (C:\Users\LixWorth\Project\BlessingTodoBackend\app\controller\todo.js:129:28)
    at processTicksAndRejections (internal/process/task_queues.js:97:5)
    at async userInterceptor (C:\Users\LixWorth\Project\BlessingTodoBackend\app\middleware\jwt.js:33:9)
    at async C:\Users\LixWorth\Project\BlessingTodoBackend\node_modules\egg-development\app\middleware\egg_loader_trace.js:9:50
    at async xframe (C:\Users\LixWorth\Project\BlessingTodoBackend\node_modules\egg-security\lib\middlewares\xframe.js:7:5)
    at async xssProtection (C:\Users\LixWorth\Project\BlessingTodoBackend\node_modules\egg-security\lib\middlewares\xssProtection.js:7:5)
    at async nosniff (C:\Users\LixWorth\Project\BlessingTodoBackend\node_modules\egg-security\lib\middlewares\nosniff.js:8:5)
    at async noopen (C:\Users\LixWorth\Project\BlessingTodoBackend\node_modules\egg-security\lib\middlewares\noopen.js:8:5)
    at async session (C:\Users\LixWorth\Project\BlessingTodoBackend\node_modules\koa-session\index.js:41:7)
    at async bodyParser (C:\Users\LixWorth\Project\BlessingTodoBackend\node_modules\koa-bodyparser\index.js:95:5)

pid: 12344
hostname: LixWorth-HP-PC

2020-04-27 02:19:55,878 ERROR 12344 [-/192.168.3.3/-/15ms GET /getTodo?tid=2] nodejs.TypeError: Cannot read property 'id' of null
    at TodoController.getTodo (C:\Users\LixWorth\Project\BlessingTodoBackend\app\controller\todo.js:129:28)
    at processTicksAndRejections (internal/process/task_queues.js:97:5)
    at async userInterceptor (C:\Users\LixWorth\Project\BlessingTodoBackend\app\middleware\jwt.js:33:9)
    at async C:\Users\LixWorth\Project\BlessingTodoBackend\node_modules\egg-development\app\middleware\egg_loader_trace.js:9:50
    at async xframe (C:\Users\LixWorth\Project\BlessingTodoBackend\node_modules\egg-security\lib\middlewares\xframe.js:7:5)
    at async xssProtection (C:\Users\LixWorth\Project\BlessingTodoBackend\node_modules\egg-security\lib\middlewares\xssProtection.js:7:5)
    at async nosniff (C:\Users\LixWorth\Project\BlessingTodoBackend\node_modules\egg-security\lib\middlewares\nosniff.js:8:5)
    at async noopen (C:\Users\LixWorth\Project\BlessingTodoBackend\node_modules\egg-security\lib\middlewares\noopen.js:8:5)
    at async session (C:\Users\LixWorth\Project\BlessingTodoBackend\node_modules\koa-session\index.js:41:7)
    at async bodyParser (C:\Users\LixWorth\Project\BlessingTodoBackend\node_modules\koa-bodyparser\index.js:95:5)

pid: 12344
hostname: LixWorth-HP-PC

2020-04-27 02:19:57,487 ERROR 12344 [-/192.168.3.3/-/17ms GET /getTodo?tid=2] nodejs.TypeError: Cannot read property 'id' of null
    at TodoController.getTodo (C:\Users\LixWorth\Project\BlessingTodoBackend\app\controller\todo.js:129:28)
    at processTicksAndRejections (internal/process/task_queues.js:97:5)
    at async userInterceptor (C:\Users\LixWorth\Project\BlessingTodoBackend\app\middleware\jwt.js:33:9)
    at async C:\Users\LixWorth\Project\BlessingTodoBackend\node_modules\egg-development\app\middleware\egg_loader_trace.js:9:50
    at async xframe (C:\Users\LixWorth\Project\BlessingTodoBackend\node_modules\egg-security\lib\middlewares\xframe.js:7:5)
    at async xssProtection (C:\Users\LixWorth\Project\BlessingTodoBackend\node_modules\egg-security\lib\middlewares\xssProtection.js:7:5)
    at async nosniff (C:\Users\LixWorth\Project\BlessingTodoBackend\node_modules\egg-security\lib\middlewares\nosniff.js:8:5)
    at async noopen (C:\Users\LixWorth\Project\BlessingTodoBackend\node_modules\egg-security\lib\middlewares\noopen.js:8:5)
    at async session (C:\Users\LixWorth\Project\BlessingTodoBackend\node_modules\koa-session\index.js:41:7)
    at async bodyParser (C:\Users\LixWorth\Project\BlessingTodoBackend\node_modules\koa-bodyparser\index.js:95:5)

pid: 12344
hostname: LixWorth-HP-PC

2020-04-27 02:22:32,240 ERROR 12344 [-/192.168.3.3/-/2263ms POST /login] nodejs.ER_NO_SUCH_TABLEError: ER_NO_SUCH_TABLE: Table 'blessingtodo.be_users' doesn't exist
    at Query.Sequence._packetToError (C:\Users\LixWorth\Project\BlessingTodoBackend\node_modules\mysql\lib\protocol\sequences\Sequence.js:47:14)
    at Query.ErrorPacket (C:\Users\LixWorth\Project\BlessingTodoBackend\node_modules\mysql\lib\protocol\sequences\Query.js:79:18)
    at Protocol._parsePacket (C:\Users\LixWorth\Project\BlessingTodoBackend\node_modules\mysql\lib\protocol\Protocol.js:291:23)
    at Parser._parsePacket (C:\Users\LixWorth\Project\BlessingTodoBackend\node_modules\mysql\lib\protocol\Parser.js:433:10)
    at Parser.write (C:\Users\LixWorth\Project\BlessingTodoBackend\node_modules\mysql\lib\protocol\Parser.js:43:10)
    at Protocol.write (C:\Users\LixWorth\Project\BlessingTodoBackend\node_modules\mysql\lib\protocol\Protocol.js:38:16)
    at Socket.<anonymous> (C:\Users\LixWorth\Project\BlessingTodoBackend\node_modules\mysql\lib\Connection.js:88:28)
    at Socket.<anonymous> (C:\Users\LixWorth\Project\BlessingTodoBackend\node_modules\mysql\lib\Connection.js:526:10)
    at Socket.emit (events.js:310:20)
    at addChunk (_stream_readable.js:286:12)
    --------------------
    at Pool.query (C:\Users\LixWorth\Project\BlessingTodoBackend\node_modules\mysql\lib\Pool.js:199:23)
    at C:\Users\LixWorth\Project\BlessingTodoBackend\node_modules\ali-rds\node_modules\pify\index.js:29:7
    at new Promise (<anonymous>)
    at Pool.<anonymous> (C:\Users\LixWorth\Project\BlessingTodoBackend\node_modules\ali-rds\node_modules\pify\index.js:12:10)
    at Pool.ret [as query] (C:\Users\LixWorth\Project\BlessingTodoBackend\node_modules\ali-rds\node_modules\pify\index.js:56:34)
    at RDSClient.proto._query (C:\Users\LixWorth\Project\BlessingTodoBackend\node_modules\ali-rds\lib\client.js:34:20)
    at RDSClient.proto.query (C:\Users\LixWorth\Project\BlessingTodoBackend\node_modules\ali-rds\lib\operator.js:54:29)
    at proto.query.next (<anonymous>)
    at onFulfilled (C:\Users\LixWorth\Project\BlessingTodoBackend\node_modules\co\index.js:65:19)
    at C:\Users\LixWorth\Project\BlessingTodoBackend\node_modules\co\index.js:54:5
    sql: SELECT * FROM `be_users` WHERE `openid` = 'oVGBI40ANe5bd0EdMItJYQwT_4FQ' LIMIT 0, 1
code: "ER_NO_SUCH_TABLE"
errno: 1146
sqlMessage: "Table 'blessingtodo.be_users' doesn't exist"
sqlState: "42S02"
index: 0
sql: "SELECT * FROM `be_users` WHERE `openid` = 'oVGBI40ANe5bd0EdMItJYQwT_4FQ' LIMIT 0, 1"
name: "ER_NO_SUCH_TABLEError"
pid: 12344
hostname: LixWorth-HP-PC

2020-04-27 11:49:30,838 ERROR 588 nodejs.ClusterClientNoResponseError: client no response in 697181ms exceeding maxIdleTime 60000ms, maybe the connection is close on other side.
    at Timeout._onTimeout (C:\Users\LixWorth\Project\BlessingTodoBackend\node_modules\cluster-client\lib\leader.js:77:23)
    at listOnTimeout (internal/timers.js:549:17)
    at processTimers (internal/timers.js:492:7)
name: "ClusterClientNoResponseError"
pid: 588
hostname: LixWorth-HP-PC

2020-04-27 13:53:31,065 ERROR 588 nodejs.ClusterClientNoResponseError: client no response in 6120011ms exceeding maxIdleTime 60000ms, maybe the connection is close on other side.
    at Timeout._onTimeout (C:\Users\LixWorth\Project\BlessingTodoBackend\node_modules\cluster-client\lib\leader.js:77:23)
    at listOnTimeout (internal/timers.js:549:17)
    at processTimers (internal/timers.js:492:7)
name: "ClusterClientNoResponseError"
pid: 588
hostname: LixWorth-HP-PC

2020-04-27 15:24:38,233 ERROR 8252 [-/192.168.3.3/-/17ms POST /fatherJoin] nodejs.TypeError: Assignment to constant variable.
    at TodoController.fatherJoin (C:\Users\LixWorth\Project\BlessingTodoBackend\app\controller\todo.js:315:63)
    at processTicksAndRejections (internal/process/task_queues.js:97:5)
    at async userInterceptor (C:\Users\LixWorth\Project\BlessingTodoBackend\app\middleware\jwt.js:33:9)
    at async C:\Users\LixWorth\Project\BlessingTodoBackend\node_modules\egg-development\app\middleware\egg_loader_trace.js:9:50
    at async xframe (C:\Users\LixWorth\Project\BlessingTodoBackend\node_modules\egg-security\lib\middlewares\xframe.js:7:5)
    at async xssProtection (C:\Users\LixWorth\Project\BlessingTodoBackend\node_modules\egg-security\lib\middlewares\xssProtection.js:7:5)
    at async nosniff (C:\Users\LixWorth\Project\BlessingTodoBackend\node_modules\egg-security\lib\middlewares\nosniff.js:8:5)
    at async noopen (C:\Users\LixWorth\Project\BlessingTodoBackend\node_modules\egg-security\lib\middlewares\noopen.js:8:5)
    at async session (C:\Users\LixWorth\Project\BlessingTodoBackend\node_modules\koa-session\index.js:41:7)
    at async bodyParser (C:\Users\LixWorth\Project\BlessingTodoBackend\node_modules\koa-bodyparser\index.js:95:5)

pid: 8252
hostname: LixWorth-HP-PC

2020-04-27 19:36:59,422 ERROR 11108 [-/192.168.3.37/-/16ms GET /loadCode?cid=undefined] nodejs.TypeError: Cannot read property 'UID' of undefined
    at TodoController.loadCode (C:\Users\LixWorth\Project\BlessingTodoBackend\app\controller\todo.js:186:35)
    at processTicksAndRejections (internal/process/task_queues.js:97:5)
    at async userInterceptor (C:\Users\LixWorth\Project\BlessingTodoBackend\app\middleware\jwt.js:33:9)
    at async C:\Users\LixWorth\Project\BlessingTodoBackend\node_modules\egg-development\app\middleware\egg_loader_trace.js:9:50
    at async xframe (C:\Users\LixWorth\Project\BlessingTodoBackend\node_modules\egg-security\lib\middlewares\xframe.js:7:5)
    at async xssProtection (C:\Users\LixWorth\Project\BlessingTodoBackend\node_modules\egg-security\lib\middlewares\xssProtection.js:7:5)
    at async nosniff (C:\Users\LixWorth\Project\BlessingTodoBackend\node_modules\egg-security\lib\middlewares\nosniff.js:8:5)
    at async noopen (C:\Users\LixWorth\Project\BlessingTodoBackend\node_modules\egg-security\lib\middlewares\noopen.js:8:5)
    at async session (C:\Users\LixWorth\Project\BlessingTodoBackend\node_modules\koa-session\index.js:41:7)
    at async bodyParser (C:\Users\LixWorth\Project\BlessingTodoBackend\node_modules\koa-bodyparser\index.js:95:5)

pid: 11108
hostname: LixWorth-HP-PC

2020-04-27 19:39:23,122 ERROR 21252 [-/192.168.3.37/-/18ms GET /loadCode?cid=undefined] nodejs.TypeError: Cannot read property 'UID' of undefined
    at TodoController.loadCode (C:\Users\LixWorth\Project\BlessingTodoBackend\app\controller\todo.js:187:35)
    at processTicksAndRejections (internal/process/task_queues.js:97:5)
    at async userInterceptor (C:\Users\LixWorth\Project\BlessingTodoBackend\app\middleware\jwt.js:33:9)
    at async C:\Users\LixWorth\Project\BlessingTodoBackend\node_modules\egg-development\app\middleware\egg_loader_trace.js:9:50
    at async xframe (C:\Users\LixWorth\Project\BlessingTodoBackend\node_modules\egg-security\lib\middlewares\xframe.js:7:5)
    at async xssProtection (C:\Users\LixWorth\Project\BlessingTodoBackend\node_modules\egg-security\lib\middlewares\xssProtection.js:7:5)
    at async nosniff (C:\Users\LixWorth\Project\BlessingTodoBackend\node_modules\egg-security\lib\middlewares\nosniff.js:8:5)
    at async noopen (C:\Users\LixWorth\Project\BlessingTodoBackend\node_modules\egg-security\lib\middlewares\noopen.js:8:5)
    at async session (C:\Users\LixWorth\Project\BlessingTodoBackend\node_modules\koa-session\index.js:41:7)
    at async bodyParser (C:\Users\LixWorth\Project\BlessingTodoBackend\node_modules\koa-bodyparser\index.js:95:5)

pid: 21252
hostname: LixWorth-HP-PC

2020-05-02 14:37:03,017 ERROR 7364 [-/192.168.3.40/-/48ms GET /list] nodejs.TypeError: Cannot read property 'map' of undefined
    at TodoController.getList (C:\Users\LixWorth\Project\BlessingTodoBackend\app\controller\todo.js:33:57)
    at processTicksAndRejections (internal/process/task_queues.js:97:5)
    at async userInterceptor (C:\Users\LixWorth\Project\BlessingTodoBackend\app\middleware\jwt.js:33:9)
    at async C:\Users\LixWorth\Project\BlessingTodoBackend\node_modules\egg-development\app\middleware\egg_loader_trace.js:9:50
    at async xframe (C:\Users\LixWorth\Project\BlessingTodoBackend\node_modules\egg-security\lib\middlewares\xframe.js:7:5)
    at async xssProtection (C:\Users\LixWorth\Project\BlessingTodoBackend\node_modules\egg-security\lib\middlewares\xssProtection.js:7:5)
    at async nosniff (C:\Users\LixWorth\Project\BlessingTodoBackend\node_modules\egg-security\lib\middlewares\nosniff.js:8:5)
    at async noopen (C:\Users\LixWorth\Project\BlessingTodoBackend\node_modules\egg-security\lib\middlewares\noopen.js:8:5)
    at async session (C:\Users\LixWorth\Project\BlessingTodoBackend\node_modules\koa-session\index.js:41:7)
    at async bodyParser (C:\Users\LixWorth\Project\BlessingTodoBackend\node_modules\koa-bodyparser\index.js:95:5)

pid: 7364
hostname: LixWorth-HP-PC

2020-05-02 14:37:55,210 ERROR 7364 [-/192.168.3.40/-/50ms GET /list] nodejs.TypeError: Cannot read property 'map' of undefined
    at TodoController.getList (C:\Users\LixWorth\Project\BlessingTodoBackend\app\controller\todo.js:33:57)
    at processTicksAndRejections (internal/process/task_queues.js:97:5)
    at async userInterceptor (C:\Users\LixWorth\Project\BlessingTodoBackend\app\middleware\jwt.js:33:9)
    at async C:\Users\LixWorth\Project\BlessingTodoBackend\node_modules\egg-development\app\middleware\egg_loader_trace.js:9:50
    at async xframe (C:\Users\LixWorth\Project\BlessingTodoBackend\node_modules\egg-security\lib\middlewares\xframe.js:7:5)
    at async xssProtection (C:\Users\LixWorth\Project\BlessingTodoBackend\node_modules\egg-security\lib\middlewares\xssProtection.js:7:5)
    at async nosniff (C:\Users\LixWorth\Project\BlessingTodoBackend\node_modules\egg-security\lib\middlewares\nosniff.js:8:5)
    at async noopen (C:\Users\LixWorth\Project\BlessingTodoBackend\node_modules\egg-security\lib\middlewares\noopen.js:8:5)
    at async session (C:\Users\LixWorth\Project\BlessingTodoBackend\node_modules\koa-session\index.js:41:7)
    at async bodyParser (C:\Users\LixWorth\Project\BlessingTodoBackend\node_modules\koa-bodyparser\index.js:95:5)

pid: 7364
hostname: LixWorth-HP-PC

2020-05-02 14:38:05,265 ERROR 7364 [-/192.168.3.16/-/39ms GET /list] nodejs.TypeError: Cannot read property 'map' of undefined
    at TodoController.getList (C:\Users\LixWorth\Project\BlessingTodoBackend\app\controller\todo.js:33:57)
    at processTicksAndRejections (internal/process/task_queues.js:97:5)
    at async userInterceptor (C:\Users\LixWorth\Project\BlessingTodoBackend\app\middleware\jwt.js:33:9)
    at async C:\Users\LixWorth\Project\BlessingTodoBackend\node_modules\egg-development\app\middleware\egg_loader_trace.js:9:50
    at async xframe (C:\Users\LixWorth\Project\BlessingTodoBackend\node_modules\egg-security\lib\middlewares\xframe.js:7:5)
    at async xssProtection (C:\Users\LixWorth\Project\BlessingTodoBackend\node_modules\egg-security\lib\middlewares\xssProtection.js:7:5)
    at async nosniff (C:\Users\LixWorth\Project\BlessingTodoBackend\node_modules\egg-security\lib\middlewares\nosniff.js:8:5)
    at async noopen (C:\Users\LixWorth\Project\BlessingTodoBackend\node_modules\egg-security\lib\middlewares\noopen.js:8:5)
    at async session (C:\Users\LixWorth\Project\BlessingTodoBackend\node_modules\koa-session\index.js:41:7)
    at async bodyParser (C:\Users\LixWorth\Project\BlessingTodoBackend\node_modules\koa-bodyparser\index.js:95:5)

pid: 7364
hostname: LixWorth-HP-PC

2020-05-02 14:38:12,064 ERROR 7364 [-/192.168.3.16/-/34ms GET /list] nodejs.TypeError: Cannot read property 'map' of undefined
    at TodoController.getList (C:\Users\LixWorth\Project\BlessingTodoBackend\app\controller\todo.js:33:57)
    at processTicksAndRejections (internal/process/task_queues.js:97:5)
    at async userInterceptor (C:\Users\LixWorth\Project\BlessingTodoBackend\app\middleware\jwt.js:33:9)
    at async C:\Users\LixWorth\Project\BlessingTodoBackend\node_modules\egg-development\app\middleware\egg_loader_trace.js:9:50
    at async xframe (C:\Users\LixWorth\Project\BlessingTodoBackend\node_modules\egg-security\lib\middlewares\xframe.js:7:5)
    at async xssProtection (C:\Users\LixWorth\Project\BlessingTodoBackend\node_modules\egg-security\lib\middlewares\xssProtection.js:7:5)
    at async nosniff (C:\Users\LixWorth\Project\BlessingTodoBackend\node_modules\egg-security\lib\middlewares\nosniff.js:8:5)
    at async noopen (C:\Users\LixWorth\Project\BlessingTodoBackend\node_modules\egg-security\lib\middlewares\noopen.js:8:5)
    at async session (C:\Users\LixWorth\Project\BlessingTodoBackend\node_modules\koa-session\index.js:41:7)
    at async bodyParser (C:\Users\LixWorth\Project\BlessingTodoBackend\node_modules\koa-bodyparser\index.js:95:5)

pid: 7364
hostname: LixWorth-HP-PC

2020-05-02 14:38:20,886 ERROR 7364 [-/192.168.3.40/-/57ms GET /list] nodejs.TypeError: Cannot read property 'map' of undefined
    at TodoController.getList (C:\Users\LixWorth\Project\BlessingTodoBackend\app\controller\todo.js:33:57)
    at processTicksAndRejections (internal/process/task_queues.js:97:5)
    at async userInterceptor (C:\Users\LixWorth\Project\BlessingTodoBackend\app\middleware\jwt.js:33:9)
    at async C:\Users\LixWorth\Project\BlessingTodoBackend\node_modules\egg-development\app\middleware\egg_loader_trace.js:9:50
    at async xframe (C:\Users\LixWorth\Project\BlessingTodoBackend\node_modules\egg-security\lib\middlewares\xframe.js:7:5)
    at async xssProtection (C:\Users\LixWorth\Project\BlessingTodoBackend\node_modules\egg-security\lib\middlewares\xssProtection.js:7:5)
    at async nosniff (C:\Users\LixWorth\Project\BlessingTodoBackend\node_modules\egg-security\lib\middlewares\nosniff.js:8:5)
    at async noopen (C:\Users\LixWorth\Project\BlessingTodoBackend\node_modules\egg-security\lib\middlewares\noopen.js:8:5)
    at async session (C:\Users\LixWorth\Project\BlessingTodoBackend\node_modules\koa-session\index.js:41:7)
    at async bodyParser (C:\Users\LixWorth\Project\BlessingTodoBackend\node_modules\koa-bodyparser\index.js:95:5)

pid: 7364
hostname: LixWorth-HP-PC

2020-05-02 14:38:54,779 ERROR 7364 [-/192.168.3.16/-/36ms GET /list] nodejs.TypeError: Cannot read property 'map' of undefined
    at TodoController.getList (C:\Users\LixWorth\Project\BlessingTodoBackend\app\controller\todo.js:33:57)
    at processTicksAndRejections (internal/process/task_queues.js:97:5)
    at async userInterceptor (C:\Users\LixWorth\Project\BlessingTodoBackend\app\middleware\jwt.js:33:9)
    at async C:\Users\LixWorth\Project\BlessingTodoBackend\node_modules\egg-development\app\middleware\egg_loader_trace.js:9:50
    at async xframe (C:\Users\LixWorth\Project\BlessingTodoBackend\node_modules\egg-security\lib\middlewares\xframe.js:7:5)
    at async xssProtection (C:\Users\LixWorth\Project\BlessingTodoBackend\node_modules\egg-security\lib\middlewares\xssProtection.js:7:5)
    at async nosniff (C:\Users\LixWorth\Project\BlessingTodoBackend\node_modules\egg-security\lib\middlewares\nosniff.js:8:5)
    at async noopen (C:\Users\LixWorth\Project\BlessingTodoBackend\node_modules\egg-security\lib\middlewares\noopen.js:8:5)
    at async session (C:\Users\LixWorth\Project\BlessingTodoBackend\node_modules\koa-session\index.js:41:7)
    at async bodyParser (C:\Users\LixWorth\Project\BlessingTodoBackend\node_modules\koa-bodyparser\index.js:95:5)

pid: 7364
hostname: LixWorth-HP-PC

2020-05-02 14:39:04,797 ERROR 7364 [-/192.168.3.40/-/37ms GET /list] nodejs.TypeError: Cannot read property 'map' of undefined
    at TodoController.getList (C:\Users\LixWorth\Project\BlessingTodoBackend\app\controller\todo.js:33:57)
    at processTicksAndRejections (internal/process/task_queues.js:97:5)
    at async userInterceptor (C:\Users\LixWorth\Project\BlessingTodoBackend\app\middleware\jwt.js:33:9)
    at async C:\Users\LixWorth\Project\BlessingTodoBackend\node_modules\egg-development\app\middleware\egg_loader_trace.js:9:50
    at async xframe (C:\Users\LixWorth\Project\BlessingTodoBackend\node_modules\egg-security\lib\middlewares\xframe.js:7:5)
    at async xssProtection (C:\Users\LixWorth\Project\BlessingTodoBackend\node_modules\egg-security\lib\middlewares\xssProtection.js:7:5)
    at async nosniff (C:\Users\LixWorth\Project\BlessingTodoBackend\node_modules\egg-security\lib\middlewares\nosniff.js:8:5)
    at async noopen (C:\Users\LixWorth\Project\BlessingTodoBackend\node_modules\egg-security\lib\middlewares\noopen.js:8:5)
    at async session (C:\Users\LixWorth\Project\BlessingTodoBackend\node_modules\koa-session\index.js:41:7)
    at async bodyParser (C:\Users\LixWorth\Project\BlessingTodoBackend\node_modules\koa-bodyparser\index.js:95:5)

pid: 7364
hostname: LixWorth-HP-PC

2020-05-02 14:39:06,454 ERROR 7364 [-/192.168.3.40/-/13ms GET /list] nodejs.TypeError: Cannot read property 'map' of undefined
    at TodoController.getList (C:\Users\LixWorth\Project\BlessingTodoBackend\app\controller\todo.js:33:57)
    at processTicksAndRejections (internal/process/task_queues.js:97:5)
    at async userInterceptor (C:\Users\LixWorth\Project\BlessingTodoBackend\app\middleware\jwt.js:33:9)
    at async C:\Users\LixWorth\Project\BlessingTodoBackend\node_modules\egg-development\app\middleware\egg_loader_trace.js:9:50
    at async xframe (C:\Users\LixWorth\Project\BlessingTodoBackend\node_modules\egg-security\lib\middlewares\xframe.js:7:5)
    at async xssProtection (C:\Users\LixWorth\Project\BlessingTodoBackend\node_modules\egg-security\lib\middlewares\xssProtection.js:7:5)
    at async nosniff (C:\Users\LixWorth\Project\BlessingTodoBackend\node_modules\egg-security\lib\middlewares\nosniff.js:8:5)
    at async noopen (C:\Users\LixWorth\Project\BlessingTodoBackend\node_modules\egg-security\lib\middlewares\noopen.js:8:5)
    at async session (C:\Users\LixWorth\Project\BlessingTodoBackend\node_modules\koa-session\index.js:41:7)
    at async bodyParser (C:\Users\LixWorth\Project\BlessingTodoBackend\node_modules\koa-bodyparser\index.js:95:5)

pid: 7364
hostname: LixWorth-HP-PC

2020-05-02 14:39:08,633 ERROR 7364 [-/192.168.3.40/-/69ms GET /list] nodejs.TypeError: Cannot read property 'map' of undefined
    at TodoController.getList (C:\Users\LixWorth\Project\BlessingTodoBackend\app\controller\todo.js:33:57)
    at processTicksAndRejections (internal/process/task_queues.js:97:5)
    at async userInterceptor (C:\Users\LixWorth\Project\BlessingTodoBackend\app\middleware\jwt.js:33:9)
    at async C:\Users\LixWorth\Project\BlessingTodoBackend\node_modules\egg-development\app\middleware\egg_loader_trace.js:9:50
    at async xframe (C:\Users\LixWorth\Project\BlessingTodoBackend\node_modules\egg-security\lib\middlewares\xframe.js:7:5)
    at async xssProtection (C:\Users\LixWorth\Project\BlessingTodoBackend\node_modules\egg-security\lib\middlewares\xssProtection.js:7:5)
    at async nosniff (C:\Users\LixWorth\Project\BlessingTodoBackend\node_modules\egg-security\lib\middlewares\nosniff.js:8:5)
    at async noopen (C:\Users\LixWorth\Project\BlessingTodoBackend\node_modules\egg-security\lib\middlewares\noopen.js:8:5)
    at async session (C:\Users\LixWorth\Project\BlessingTodoBackend\node_modules\koa-session\index.js:41:7)
    at async bodyParser (C:\Users\LixWorth\Project\BlessingTodoBackend\node_modules\koa-bodyparser\index.js:95:5)

pid: 7364
hostname: LixWorth-HP-PC

2020-05-02 14:39:09,654 ERROR 7364 [-/192.168.3.40/-/14ms GET /list] nodejs.TypeError: Cannot read property 'map' of undefined
    at TodoController.getList (C:\Users\LixWorth\Project\BlessingTodoBackend\app\controller\todo.js:33:57)
    at processTicksAndRejections (internal/process/task_queues.js:97:5)
    at async userInterceptor (C:\Users\LixWorth\Project\BlessingTodoBackend\app\middleware\jwt.js:33:9)
    at async C:\Users\LixWorth\Project\BlessingTodoBackend\node_modules\egg-development\app\middleware\egg_loader_trace.js:9:50
    at async xframe (C:\Users\LixWorth\Project\BlessingTodoBackend\node_modules\egg-security\lib\middlewares\xframe.js:7:5)
    at async xssProtection (C:\Users\LixWorth\Project\BlessingTodoBackend\node_modules\egg-security\lib\middlewares\xssProtection.js:7:5)
    at async nosniff (C:\Users\LixWorth\Project\BlessingTodoBackend\node_modules\egg-security\lib\middlewares\nosniff.js:8:5)
    at async noopen (C:\Users\LixWorth\Project\BlessingTodoBackend\node_modules\egg-security\lib\middlewares\noopen.js:8:5)
    at async session (C:\Users\LixWorth\Project\BlessingTodoBackend\node_modules\koa-session\index.js:41:7)
    at async bodyParser (C:\Users\LixWorth\Project\BlessingTodoBackend\node_modules\koa-bodyparser\index.js:95:5)

pid: 7364
hostname: LixWorth-HP-PC

2020-05-02 14:39:12,123 ERROR 7364 [-/192.168.3.40/-/16ms GET /list] nodejs.TypeError: Cannot read property 'map' of undefined
    at TodoController.getList (C:\Users\LixWorth\Project\BlessingTodoBackend\app\controller\todo.js:33:57)
    at processTicksAndRejections (internal/process/task_queues.js:97:5)
    at async userInterceptor (C:\Users\LixWorth\Project\BlessingTodoBackend\app\middleware\jwt.js:33:9)
    at async C:\Users\LixWorth\Project\BlessingTodoBackend\node_modules\egg-development\app\middleware\egg_loader_trace.js:9:50
    at async xframe (C:\Users\LixWorth\Project\BlessingTodoBackend\node_modules\egg-security\lib\middlewares\xframe.js:7:5)
    at async xssProtection (C:\Users\LixWorth\Project\BlessingTodoBackend\node_modules\egg-security\lib\middlewares\xssProtection.js:7:5)
    at async nosniff (C:\Users\LixWorth\Project\BlessingTodoBackend\node_modules\egg-security\lib\middlewares\nosniff.js:8:5)
    at async noopen (C:\Users\LixWorth\Project\BlessingTodoBackend\node_modules\egg-security\lib\middlewares\noopen.js:8:5)
    at async session (C:\Users\LixWorth\Project\BlessingTodoBackend\node_modules\koa-session\index.js:41:7)
    at async bodyParser (C:\Users\LixWorth\Project\BlessingTodoBackend\node_modules\koa-bodyparser\index.js:95:5)

pid: 7364
hostname: LixWorth-HP-PC

2020-05-02 14:39:38,790 ERROR 7364 [-/192.168.3.16/-/12ms GET /list] nodejs.TypeError: Cannot read property 'map' of undefined
    at TodoController.getList (C:\Users\LixWorth\Project\BlessingTodoBackend\app\controller\todo.js:33:57)
    at processTicksAndRejections (internal/process/task_queues.js:97:5)
    at async userInterceptor (C:\Users\LixWorth\Project\BlessingTodoBackend\app\middleware\jwt.js:33:9)
    at async C:\Users\LixWorth\Project\BlessingTodoBackend\node_modules\egg-development\app\middleware\egg_loader_trace.js:9:50
    at async xframe (C:\Users\LixWorth\Project\BlessingTodoBackend\node_modules\egg-security\lib\middlewares\xframe.js:7:5)
    at async xssProtection (C:\Users\LixWorth\Project\BlessingTodoBackend\node_modules\egg-security\lib\middlewares\xssProtection.js:7:5)
    at async nosniff (C:\Users\LixWorth\Project\BlessingTodoBackend\node_modules\egg-security\lib\middlewares\nosniff.js:8:5)
    at async noopen (C:\Users\LixWorth\Project\BlessingTodoBackend\node_modules\egg-security\lib\middlewares\noopen.js:8:5)
    at async session (C:\Users\LixWorth\Project\BlessingTodoBackend\node_modules\koa-session\index.js:41:7)
    at async bodyParser (C:\Users\LixWorth\Project\BlessingTodoBackend\node_modules\koa-bodyparser\index.js:95:5)

pid: 7364
hostname: LixWorth-HP-PC

