2020-04-27 01:28:53,924 INFO 9672 [egg-schedule]: register schedule C:\Users\LixWorth\Project\BlessingTodoBackend\node_modules\egg-multipart\app\schedule\clean_tmpdir.js
2020-04-27 01:28:53,924 INFO 9672 [egg-schedule]: register schedule C:\Users\LixWorth\Project\BlessingTodoBackend\node_modules\egg-logrotator\app\schedule\clean_log.js
2020-04-27 01:28:53,924 INFO 9672 [egg-schedule]: register schedule C:\Users\LixWorth\Project\BlessingTodoBackend\node_modules\egg-logrotator\app\schedule\rotate_by_file.js
2020-04-27 01:29:23,794 INFO 17448 [Timer] C:\Users\LixWorth\Project\BlessingTodoBackend\node_modules\egg-multipart\app\schedule\clean_tmpdir.js next time will execute after 10836208ms at 2020-04-27 04:30:00.002
2020-04-27 01:29:23,794 INFO 17448 [Timer] C:\Users\LixWorth\Project\BlessingTodoBackend\node_modules\egg-logrotator\app\schedule\clean_log.js next time will execute after 81036206ms at 2020-04-28 00:00:00.000
2020-04-27 01:29:23,795 INFO 17448 [Timer] C:\Users\LixWorth\Project\BlessingTodoBackend\node_modules\egg-logrotator\app\schedule\rotate_by_file.js next time will execute after 81037206ms at 2020-04-28 00:00:01.001
2020-04-27 01:29:23,568 INFO 2400 [egg-schedule]: register schedule C:\Users\LixWorth\Project\BlessingTodoBackend\node_modules\egg-multipart\app\schedule\clean_tmpdir.js
2020-04-27 01:29:23,568 INFO 2400 [egg-schedule]: register schedule C:\Users\LixWorth\Project\BlessingTodoBackend\node_modules\egg-logrotator\app\schedule\clean_log.js
2020-04-27 01:29:23,568 INFO 2400 [egg-schedule]: register schedule C:\Users\LixWorth\Project\BlessingTodoBackend\node_modules\egg-logrotator\app\schedule\rotate_by_file.js
2020-04-27 01:43:42,074 INFO 17652 [egg-schedule]: register schedule C:\Users\LixWorth\Project\BlessingTodoBackend\node_modules\egg-multipart\app\schedule\clean_tmpdir.js
2020-04-27 01:43:42,074 INFO 17652 [egg-schedule]: register schedule C:\Users\LixWorth\Project\BlessingTodoBackend\node_modules\egg-logrotator\app\schedule\clean_log.js
2020-04-27 01:43:42,074 INFO 17652 [egg-schedule]: register schedule C:\Users\LixWorth\Project\BlessingTodoBackend\node_modules\egg-logrotator\app\schedule\rotate_by_file.js
2020-04-27 01:45:16,233 INFO 2432 [egg-schedule]: register schedule C:\Users\LixWorth\Project\BlessingTodoBackend\node_modules\egg-multipart\app\schedule\clean_tmpdir.js
2020-04-27 01:45:16,233 INFO 2432 [egg-schedule]: register schedule C:\Users\LixWorth\Project\BlessingTodoBackend\node_modules\egg-logrotator\app\schedule\clean_log.js
2020-04-27 01:45:16,233 INFO 2432 [egg-schedule]: register schedule C:\Users\LixWorth\Project\BlessingTodoBackend\node_modules\egg-logrotator\app\schedule\rotate_by_file.js
2020-04-27 01:46:06,311 INFO 3048 [egg-schedule]: register schedule C:\Users\LixWorth\Project\BlessingTodoBackend\node_modules\egg-multipart\app\schedule\clean_tmpdir.js
2020-04-27 01:46:06,311 INFO 3048 [egg-schedule]: register schedule C:\Users\LixWorth\Project\BlessingTodoBackend\node_modules\egg-logrotator\app\schedule\clean_log.js
2020-04-27 01:46:06,311 INFO 3048 [egg-schedule]: register schedule C:\Users\LixWorth\Project\BlessingTodoBackend\node_modules\egg-logrotator\app\schedule\rotate_by_file.js
2020-04-27 01:46:10,416 INFO 13300 [egg-schedule]: register schedule C:\Users\LixWorth\Project\BlessingTodoBackend\node_modules\egg-multipart\app\schedule\clean_tmpdir.js
2020-04-27 01:46:10,416 INFO 13300 [egg-schedule]: register schedule C:\Users\LixWorth\Project\BlessingTodoBackend\node_modules\egg-logrotator\app\schedule\clean_log.js
2020-04-27 01:46:10,416 INFO 13300 [egg-schedule]: register schedule C:\Users\LixWorth\Project\BlessingTodoBackend\node_modules\egg-logrotator\app\schedule\rotate_by_file.js
2020-04-27 01:46:15,854 INFO 7068 [egg-schedule]: register schedule C:\Users\LixWorth\Project\BlessingTodoBackend\node_modules\egg-multipart\app\schedule\clean_tmpdir.js
2020-04-27 01:46:15,854 INFO 7068 [egg-schedule]: register schedule C:\Users\LixWorth\Project\BlessingTodoBackend\node_modules\egg-logrotator\app\schedule\clean_log.js
2020-04-27 01:46:15,854 INFO 7068 [egg-schedule]: register schedule C:\Users\LixWorth\Project\BlessingTodoBackend\node_modules\egg-logrotator\app\schedule\rotate_by_file.js
2020-04-27 01:46:17,564 INFO 17824 [egg-schedule]: register schedule C:\Users\LixWorth\Project\BlessingTodoBackend\node_modules\egg-multipart\app\schedule\clean_tmpdir.js
2020-04-27 01:46:17,564 INFO 17824 [egg-schedule]: register schedule C:\Users\LixWorth\Project\BlessingTodoBackend\node_modules\egg-logrotator\app\schedule\clean_log.js
2020-04-27 01:46:17,564 INFO 17824 [egg-schedule]: register schedule C:\Users\LixWorth\Project\BlessingTodoBackend\node_modules\egg-logrotator\app\schedule\rotate_by_file.js
2020-04-27 01:46:42,448 INFO 1924 [egg-schedule]: register schedule C:\Users\LixWorth\Project\BlessingTodoBackend\node_modules\egg-multipart\app\schedule\clean_tmpdir.js
2020-04-27 01:46:42,448 INFO 1924 [egg-schedule]: register schedule C:\Users\LixWorth\Project\BlessingTodoBackend\node_modules\egg-logrotator\app\schedule\clean_log.js
2020-04-27 01:46:42,448 INFO 1924 [egg-schedule]: register schedule C:\Users\LixWorth\Project\BlessingTodoBackend\node_modules\egg-logrotator\app\schedule\rotate_by_file.js
2020-04-27 01:47:19,592 INFO 6384 [egg-schedule]: register schedule C:\Users\LixWorth\Project\BlessingTodoBackend\node_modules\egg-multipart\app\schedule\clean_tmpdir.js
2020-04-27 01:47:19,592 INFO 6384 [egg-schedule]: register schedule C:\Users\LixWorth\Project\BlessingTodoBackend\node_modules\egg-logrotator\app\schedule\clean_log.js
2020-04-27 01:47:19,592 INFO 6384 [egg-schedule]: register schedule C:\Users\LixWorth\Project\BlessingTodoBackend\node_modules\egg-logrotator\app\schedule\rotate_by_file.js
2020-04-27 01:48:53,942 INFO 7492 [egg-schedule]: register schedule C:\Users\LixWorth\Project\BlessingTodoBackend\node_modules\egg-multipart\app\schedule\clean_tmpdir.js
2020-04-27 01:48:53,942 INFO 7492 [egg-schedule]: register schedule C:\Users\LixWorth\Project\BlessingTodoBackend\node_modules\egg-logrotator\app\schedule\clean_log.js
2020-04-27 01:48:53,942 INFO 7492 [egg-schedule]: register schedule C:\Users\LixWorth\Project\BlessingTodoBackend\node_modules\egg-logrotator\app\schedule\rotate_by_file.js
2020-04-27 01:48:55,497 INFO 14012 [egg-schedule]: register schedule C:\Users\LixWorth\Project\BlessingTodoBackend\node_modules\egg-multipart\app\schedule\clean_tmpdir.js
2020-04-27 01:48:55,497 INFO 14012 [egg-schedule]: register schedule C:\Users\LixWorth\Project\BlessingTodoBackend\node_modules\egg-logrotator\app\schedule\clean_log.js
2020-04-27 01:48:55,497 INFO 14012 [egg-schedule]: register schedule C:\Users\LixWorth\Project\BlessingTodoBackend\node_modules\egg-logrotator\app\schedule\rotate_by_file.js
2020-04-27 01:50:21,982 INFO 10148 [egg-schedule]: register schedule C:\Users\LixWorth\Project\BlessingTodoBackend\node_modules\egg-multipart\app\schedule\clean_tmpdir.js
2020-04-27 01:50:21,982 INFO 10148 [egg-schedule]: register schedule C:\Users\LixWorth\Project\BlessingTodoBackend\node_modules\egg-logrotator\app\schedule\clean_log.js
2020-04-27 01:50:21,982 INFO 10148 [egg-schedule]: register schedule C:\Users\LixWorth\Project\BlessingTodoBackend\node_modules\egg-logrotator\app\schedule\rotate_by_file.js
2020-04-27 01:50:44,887 INFO 6524 [egg-schedule]: register schedule C:\Users\LixWorth\Project\BlessingTodoBackend\node_modules\egg-multipart\app\schedule\clean_tmpdir.js
2020-04-27 01:50:44,887 INFO 6524 [egg-schedule]: register schedule C:\Users\LixWorth\Project\BlessingTodoBackend\node_modules\egg-logrotator\app\schedule\clean_log.js
2020-04-27 01:50:44,887 INFO 6524 [egg-schedule]: register schedule C:\Users\LixWorth\Project\BlessingTodoBackend\node_modules\egg-logrotator\app\schedule\rotate_by_file.js
2020-04-27 01:50:58,205 INFO 21216 [egg-schedule]: register schedule C:\Users\LixWorth\Project\BlessingTodoBackend\node_modules\egg-multipart\app\schedule\clean_tmpdir.js
2020-04-27 01:50:58,205 INFO 21216 [egg-schedule]: register schedule C:\Users\LixWorth\Project\BlessingTodoBackend\node_modules\egg-logrotator\app\schedule\clean_log.js
2020-04-27 01:50:58,205 INFO 21216 [egg-schedule]: register schedule C:\Users\LixWorth\Project\BlessingTodoBackend\node_modules\egg-logrotator\app\schedule\rotate_by_file.js
2020-04-27 01:51:21,858 INFO 16980 [egg-schedule]: register schedule C:\Users\LixWorth\Project\BlessingTodoBackend\node_modules\egg-multipart\app\schedule\clean_tmpdir.js
2020-04-27 01:51:21,858 INFO 16980 [egg-schedule]: register schedule C:\Users\LixWorth\Project\BlessingTodoBackend\node_modules\egg-logrotator\app\schedule\clean_log.js
2020-04-27 01:51:21,858 INFO 16980 [egg-schedule]: register schedule C:\Users\LixWorth\Project\BlessingTodoBackend\node_modules\egg-logrotator\app\schedule\rotate_by_file.js
2020-04-27 01:53:09,412 INFO 10748 [egg-schedule]: register schedule C:\Users\LixWorth\Project\BlessingTodoBackend\node_modules\egg-multipart\app\schedule\clean_tmpdir.js
2020-04-27 01:53:09,412 INFO 10748 [egg-schedule]: register schedule C:\Users\LixWorth\Project\BlessingTodoBackend\node_modules\egg-logrotator\app\schedule\clean_log.js
2020-04-27 01:53:09,412 INFO 10748 [egg-schedule]: register schedule C:\Users\LixWorth\Project\BlessingTodoBackend\node_modules\egg-logrotator\app\schedule\rotate_by_file.js
2020-04-27 01:55:58,058 INFO 7800 [egg-schedule]: register schedule C:\Users\LixWorth\Project\BlessingTodoBackend\node_modules\egg-multipart\app\schedule\clean_tmpdir.js
2020-04-27 01:55:58,058 INFO 7800 [egg-schedule]: register schedule C:\Users\LixWorth\Project\BlessingTodoBackend\node_modules\egg-logrotator\app\schedule\clean_log.js
2020-04-27 01:55:58,058 INFO 7800 [egg-schedule]: register schedule C:\Users\LixWorth\Project\BlessingTodoBackend\node_modules\egg-logrotator\app\schedule\rotate_by_file.js
2020-04-27 01:56:20,009 INFO 13152 [egg-schedule]: register schedule C:\Users\LixWorth\Project\BlessingTodoBackend\node_modules\egg-multipart\app\schedule\clean_tmpdir.js
2020-04-27 01:56:20,009 INFO 13152 [egg-schedule]: register schedule C:\Users\LixWorth\Project\BlessingTodoBackend\node_modules\egg-logrotator\app\schedule\clean_log.js
2020-04-27 01:56:20,009 INFO 13152 [egg-schedule]: register schedule C:\Users\LixWorth\Project\BlessingTodoBackend\node_modules\egg-logrotator\app\schedule\rotate_by_file.js
2020-04-27 01:56:52,226 INFO 7808 [egg-schedule]: register schedule C:\Users\LixWorth\Project\BlessingTodoBackend\node_modules\egg-multipart\app\schedule\clean_tmpdir.js
2020-04-27 01:56:52,226 INFO 7808 [egg-schedule]: register schedule C:\Users\LixWorth\Project\BlessingTodoBackend\node_modules\egg-logrotator\app\schedule\clean_log.js
2020-04-27 01:56:52,226 INFO 7808 [egg-schedule]: register schedule C:\Users\LixWorth\Project\BlessingTodoBackend\node_modules\egg-logrotator\app\schedule\rotate_by_file.js
2020-04-27 01:57:02,958 INFO 13184 [egg-schedule]: register schedule C:\Users\LixWorth\Project\BlessingTodoBackend\node_modules\egg-multipart\app\schedule\clean_tmpdir.js
2020-04-27 01:57:02,958 INFO 13184 [egg-schedule]: register schedule C:\Users\LixWorth\Project\BlessingTodoBackend\node_modules\egg-logrotator\app\schedule\clean_log.js
2020-04-27 01:57:02,958 INFO 13184 [egg-schedule]: register schedule C:\Users\LixWorth\Project\BlessingTodoBackend\node_modules\egg-logrotator\app\schedule\rotate_by_file.js
2020-04-27 01:57:52,769 INFO 1924 [egg-schedule]: register schedule C:\Users\LixWorth\Project\BlessingTodoBackend\node_modules\egg-multipart\app\schedule\clean_tmpdir.js
2020-04-27 01:57:52,769 INFO 1924 [egg-schedule]: register schedule C:\Users\LixWorth\Project\BlessingTodoBackend\node_modules\egg-logrotator\app\schedule\clean_log.js
2020-04-27 01:57:52,769 INFO 1924 [egg-schedule]: register schedule C:\Users\LixWorth\Project\BlessingTodoBackend\node_modules\egg-logrotator\app\schedule\rotate_by_file.js
2020-04-27 01:58:10,710 INFO 19660 [egg-schedule]: register schedule C:\Users\LixWorth\Project\BlessingTodoBackend\node_modules\egg-multipart\app\schedule\clean_tmpdir.js
2020-04-27 01:58:10,710 INFO 19660 [egg-schedule]: register schedule C:\Users\LixWorth\Project\BlessingTodoBackend\node_modules\egg-logrotator\app\schedule\clean_log.js
2020-04-27 01:58:10,710 INFO 19660 [egg-schedule]: register schedule C:\Users\LixWorth\Project\BlessingTodoBackend\node_modules\egg-logrotator\app\schedule\rotate_by_file.js
2020-04-27 02:15:32,616 INFO 12344 [egg-schedule]: register schedule C:\Users\LixWorth\Project\BlessingTodoBackend\node_modules\egg-multipart\app\schedule\clean_tmpdir.js
2020-04-27 02:15:32,616 INFO 12344 [egg-schedule]: register schedule C:\Users\LixWorth\Project\BlessingTodoBackend\node_modules\egg-logrotator\app\schedule\clean_log.js
2020-04-27 02:15:32,616 INFO 12344 [egg-schedule]: register schedule C:\Users\LixWorth\Project\BlessingTodoBackend\node_modules\egg-logrotator\app\schedule\rotate_by_file.js
2020-04-27 03:03:19,608 INFO 8040 [egg-schedule]: register schedule C:\Users\LixWorth\Project\BlessingTodoBackend\node_modules\egg-multipart\app\schedule\clean_tmpdir.js
2020-04-27 03:03:19,608 INFO 8040 [egg-schedule]: register schedule C:\Users\LixWorth\Project\BlessingTodoBackend\node_modules\egg-logrotator\app\schedule\clean_log.js
2020-04-27 03:03:19,609 INFO 8040 [egg-schedule]: register schedule C:\Users\LixWorth\Project\BlessingTodoBackend\node_modules\egg-logrotator\app\schedule\rotate_by_file.js
2020-04-27 09:50:00,667 INFO 14456 [egg-schedule]: register schedule C:\Users\LixWorth\Project\BlessingTodoBackend\node_modules\egg-multipart\app\schedule\clean_tmpdir.js
2020-04-27 09:50:00,667 INFO 14456 [egg-schedule]: register schedule C:\Users\LixWorth\Project\BlessingTodoBackend\node_modules\egg-logrotator\app\schedule\clean_log.js
2020-04-27 09:50:00,667 INFO 14456 [egg-schedule]: register schedule C:\Users\LixWorth\Project\BlessingTodoBackend\node_modules\egg-logrotator\app\schedule\rotate_by_file.js
2020-04-27 09:50:21,435 INFO 588 [Timer] C:\Users\LixWorth\Project\BlessingTodoBackend\node_modules\egg-multipart\app\schedule\clean_tmpdir.js next time will execute after 67178567ms at 2020-04-28 04:30:00.002
2020-04-27 09:50:21,436 INFO 588 [Timer] C:\Users\LixWorth\Project\BlessingTodoBackend\node_modules\egg-logrotator\app\schedule\clean_log.js next time will execute after 50978565ms at 2020-04-28 00:00:00.001
2020-04-27 09:50:21,436 INFO 588 [Timer] C:\Users\LixWorth\Project\BlessingTodoBackend\node_modules\egg-logrotator\app\schedule\rotate_by_file.js next time will execute after 50979564ms at 2020-04-28 00:00:01.000
2020-04-27 09:50:21,160 INFO 4604 [egg-schedule]: register schedule C:\Users\LixWorth\Project\BlessingTodoBackend\node_modules\egg-multipart\app\schedule\clean_tmpdir.js
2020-04-27 09:50:21,160 INFO 4604 [egg-schedule]: register schedule C:\Users\LixWorth\Project\BlessingTodoBackend\node_modules\egg-logrotator\app\schedule\clean_log.js
2020-04-27 09:50:21,160 INFO 4604 [egg-schedule]: register schedule C:\Users\LixWorth\Project\BlessingTodoBackend\node_modules\egg-logrotator\app\schedule\rotate_by_file.js
2020-04-27 11:13:13,299 INFO 7324 [egg-schedule]: register schedule C:\Users\LixWorth\Project\BlessingTodoBackend\node_modules\egg-multipart\app\schedule\clean_tmpdir.js
2020-04-27 11:13:13,299 INFO 7324 [egg-schedule]: register schedule C:\Users\LixWorth\Project\BlessingTodoBackend\node_modules\egg-logrotator\app\schedule\clean_log.js
2020-04-27 11:13:13,299 INFO 7324 [egg-schedule]: register schedule C:\Users\LixWorth\Project\BlessingTodoBackend\node_modules\egg-logrotator\app\schedule\rotate_by_file.js
2020-04-27 11:21:25,227 INFO 15056 [egg-schedule]: register schedule C:\Users\LixWorth\Project\BlessingTodoBackend\node_modules\egg-multipart\app\schedule\clean_tmpdir.js
2020-04-27 11:21:25,227 INFO 15056 [egg-schedule]: register schedule C:\Users\LixWorth\Project\BlessingTodoBackend\node_modules\egg-logrotator\app\schedule\clean_log.js
2020-04-27 11:21:25,227 INFO 15056 [egg-schedule]: register schedule C:\Users\LixWorth\Project\BlessingTodoBackend\node_modules\egg-logrotator\app\schedule\rotate_by_file.js
2020-04-27 11:24:00,083 INFO 13456 [egg-schedule]: register schedule C:\Users\LixWorth\Project\BlessingTodoBackend\node_modules\egg-multipart\app\schedule\clean_tmpdir.js
2020-04-27 11:24:00,083 INFO 13456 [egg-schedule]: register schedule C:\Users\LixWorth\Project\BlessingTodoBackend\node_modules\egg-logrotator\app\schedule\clean_log.js
2020-04-27 11:24:00,083 INFO 13456 [egg-schedule]: register schedule C:\Users\LixWorth\Project\BlessingTodoBackend\node_modules\egg-logrotator\app\schedule\rotate_by_file.js
2020-04-27 11:24:05,831 INFO 17988 [egg-schedule]: register schedule C:\Users\LixWorth\Project\BlessingTodoBackend\node_modules\egg-multipart\app\schedule\clean_tmpdir.js
2020-04-27 11:24:05,831 INFO 17988 [egg-schedule]: register schedule C:\Users\LixWorth\Project\BlessingTodoBackend\node_modules\egg-logrotator\app\schedule\clean_log.js
2020-04-27 11:24:05,831 INFO 17988 [egg-schedule]: register schedule C:\Users\LixWorth\Project\BlessingTodoBackend\node_modules\egg-logrotator\app\schedule\rotate_by_file.js
2020-04-27 11:24:12,623 INFO 18428 [egg-schedule]: register schedule C:\Users\LixWorth\Project\BlessingTodoBackend\node_modules\egg-multipart\app\schedule\clean_tmpdir.js
2020-04-27 11:24:12,623 INFO 18428 [egg-schedule]: register schedule C:\Users\LixWorth\Project\BlessingTodoBackend\node_modules\egg-logrotator\app\schedule\clean_log.js
2020-04-27 11:24:12,623 INFO 18428 [egg-schedule]: register schedule C:\Users\LixWorth\Project\BlessingTodoBackend\node_modules\egg-logrotator\app\schedule\rotate_by_file.js
2020-04-27 14:23:49,545 INFO 16068 [egg-schedule]: register schedule C:\Users\LixWorth\Project\BlessingTodoBackend\node_modules\egg-multipart\app\schedule\clean_tmpdir.js
2020-04-27 14:23:49,545 INFO 16068 [egg-schedule]: register schedule C:\Users\LixWorth\Project\BlessingTodoBackend\node_modules\egg-logrotator\app\schedule\clean_log.js
2020-04-27 14:23:49,545 INFO 16068 [egg-schedule]: register schedule C:\Users\LixWorth\Project\BlessingTodoBackend\node_modules\egg-logrotator\app\schedule\rotate_by_file.js
2020-04-27 14:23:56,072 INFO 3528 [egg-schedule]: register schedule C:\Users\LixWorth\Project\BlessingTodoBackend\node_modules\egg-multipart\app\schedule\clean_tmpdir.js
2020-04-27 14:23:56,072 INFO 3528 [egg-schedule]: register schedule C:\Users\LixWorth\Project\BlessingTodoBackend\node_modules\egg-logrotator\app\schedule\clean_log.js
2020-04-27 14:23:56,072 INFO 3528 [egg-schedule]: register schedule C:\Users\LixWorth\Project\BlessingTodoBackend\node_modules\egg-logrotator\app\schedule\rotate_by_file.js
2020-04-27 14:24:11,214 INFO 19044 [egg-schedule]: register schedule C:\Users\LixWorth\Project\BlessingTodoBackend\node_modules\egg-multipart\app\schedule\clean_tmpdir.js
2020-04-27 14:24:11,214 INFO 19044 [egg-schedule]: register schedule C:\Users\LixWorth\Project\BlessingTodoBackend\node_modules\egg-logrotator\app\schedule\clean_log.js
2020-04-27 14:24:11,214 INFO 19044 [egg-schedule]: register schedule C:\Users\LixWorth\Project\BlessingTodoBackend\node_modules\egg-logrotator\app\schedule\rotate_by_file.js
2020-04-27 14:30:54,217 INFO 7392 [egg-schedule]: register schedule C:\Users\LixWorth\Project\BlessingTodoBackend\node_modules\egg-multipart\app\schedule\clean_tmpdir.js
2020-04-27 14:30:54,217 INFO 7392 [egg-schedule]: register schedule C:\Users\LixWorth\Project\BlessingTodoBackend\node_modules\egg-logrotator\app\schedule\clean_log.js
2020-04-27 14:30:54,217 INFO 7392 [egg-schedule]: register schedule C:\Users\LixWorth\Project\BlessingTodoBackend\node_modules\egg-logrotator\app\schedule\rotate_by_file.js
2020-04-27 14:31:44,390 INFO 18648 [egg-schedule]: register schedule C:\Users\LixWorth\Project\BlessingTodoBackend\node_modules\egg-multipart\app\schedule\clean_tmpdir.js
2020-04-27 14:31:44,390 INFO 18648 [egg-schedule]: register schedule C:\Users\LixWorth\Project\BlessingTodoBackend\node_modules\egg-logrotator\app\schedule\clean_log.js
2020-04-27 14:31:44,390 INFO 18648 [egg-schedule]: register schedule C:\Users\LixWorth\Project\BlessingTodoBackend\node_modules\egg-logrotator\app\schedule\rotate_by_file.js
2020-04-27 14:33:37,932 INFO 10176 [egg-schedule]: register schedule C:\Users\LixWorth\Project\BlessingTodoBackend\node_modules\egg-multipart\app\schedule\clean_tmpdir.js
2020-04-27 14:33:37,932 INFO 10176 [egg-schedule]: register schedule C:\Users\LixWorth\Project\BlessingTodoBackend\node_modules\egg-logrotator\app\schedule\clean_log.js
2020-04-27 14:33:37,932 INFO 10176 [egg-schedule]: register schedule C:\Users\LixWorth\Project\BlessingTodoBackend\node_modules\egg-logrotator\app\schedule\rotate_by_file.js
2020-04-27 14:34:07,754 INFO 1996 [egg-schedule]: register schedule C:\Users\LixWorth\Project\BlessingTodoBackend\node_modules\egg-multipart\app\schedule\clean_tmpdir.js
2020-04-27 14:34:07,754 INFO 1996 [egg-schedule]: register schedule C:\Users\LixWorth\Project\BlessingTodoBackend\node_modules\egg-logrotator\app\schedule\clean_log.js
2020-04-27 14:34:07,754 INFO 1996 [egg-schedule]: register schedule C:\Users\LixWorth\Project\BlessingTodoBackend\node_modules\egg-logrotator\app\schedule\rotate_by_file.js
2020-04-27 14:34:31,124 INFO 21960 [egg-schedule]: register schedule C:\Users\LixWorth\Project\BlessingTodoBackend\node_modules\egg-multipart\app\schedule\clean_tmpdir.js
2020-04-27 14:34:31,124 INFO 21960 [egg-schedule]: register schedule C:\Users\LixWorth\Project\BlessingTodoBackend\node_modules\egg-logrotator\app\schedule\clean_log.js
2020-04-27 14:34:31,124 INFO 21960 [egg-schedule]: register schedule C:\Users\LixWorth\Project\BlessingTodoBackend\node_modules\egg-logrotator\app\schedule\rotate_by_file.js
2020-04-27 14:34:51,401 INFO 16704 [egg-schedule]: register schedule C:\Users\LixWorth\Project\BlessingTodoBackend\node_modules\egg-multipart\app\schedule\clean_tmpdir.js
2020-04-27 14:34:51,401 INFO 16704 [egg-schedule]: register schedule C:\Users\LixWorth\Project\BlessingTodoBackend\node_modules\egg-logrotator\app\schedule\clean_log.js
2020-04-27 14:34:51,401 INFO 16704 [egg-schedule]: register schedule C:\Users\LixWorth\Project\BlessingTodoBackend\node_modules\egg-logrotator\app\schedule\rotate_by_file.js
2020-04-27 14:34:53,718 INFO 21100 [egg-schedule]: register schedule C:\Users\LixWorth\Project\BlessingTodoBackend\node_modules\egg-multipart\app\schedule\clean_tmpdir.js
2020-04-27 14:34:53,718 INFO 21100 [egg-schedule]: register schedule C:\Users\LixWorth\Project\BlessingTodoBackend\node_modules\egg-logrotator\app\schedule\clean_log.js
2020-04-27 14:34:53,718 INFO 21100 [egg-schedule]: register schedule C:\Users\LixWorth\Project\BlessingTodoBackend\node_modules\egg-logrotator\app\schedule\rotate_by_file.js
2020-04-27 14:41:25,646 INFO 20360 [egg-schedule]: register schedule C:\Users\LixWorth\Project\BlessingTodoBackend\node_modules\egg-multipart\app\schedule\clean_tmpdir.js
2020-04-27 14:41:25,646 INFO 20360 [egg-schedule]: register schedule C:\Users\LixWorth\Project\BlessingTodoBackend\node_modules\egg-logrotator\app\schedule\clean_log.js
2020-04-27 14:41:25,646 INFO 20360 [egg-schedule]: register schedule C:\Users\LixWorth\Project\BlessingTodoBackend\node_modules\egg-logrotator\app\schedule\rotate_by_file.js
2020-04-27 14:50:41,069 INFO 21136 [egg-schedule]: register schedule C:\Users\LixWorth\Project\BlessingTodoBackend\node_modules\egg-multipart\app\schedule\clean_tmpdir.js
2020-04-27 14:50:41,069 INFO 21136 [egg-schedule]: register schedule C:\Users\LixWorth\Project\BlessingTodoBackend\node_modules\egg-logrotator\app\schedule\clean_log.js
2020-04-27 14:50:41,069 INFO 21136 [egg-schedule]: register schedule C:\Users\LixWorth\Project\BlessingTodoBackend\node_modules\egg-logrotator\app\schedule\rotate_by_file.js
2020-04-27 15:08:20,938 INFO 14444 [egg-schedule]: register schedule C:\Users\LixWorth\Project\BlessingTodoBackend\node_modules\egg-multipart\app\schedule\clean_tmpdir.js
2020-04-27 15:08:20,938 INFO 14444 [egg-schedule]: register schedule C:\Users\LixWorth\Project\BlessingTodoBackend\node_modules\egg-logrotator\app\schedule\clean_log.js
2020-04-27 15:08:20,938 INFO 14444 [egg-schedule]: register schedule C:\Users\LixWorth\Project\BlessingTodoBackend\node_modules\egg-logrotator\app\schedule\rotate_by_file.js
2020-04-27 15:16:27,423 INFO 6180 [egg-schedule]: register schedule C:\Users\LixWorth\Project\BlessingTodoBackend\node_modules\egg-multipart\app\schedule\clean_tmpdir.js
2020-04-27 15:16:27,423 INFO 6180 [egg-schedule]: register schedule C:\Users\LixWorth\Project\BlessingTodoBackend\node_modules\egg-logrotator\app\schedule\clean_log.js
2020-04-27 15:16:27,423 INFO 6180 [egg-schedule]: register schedule C:\Users\LixWorth\Project\BlessingTodoBackend\node_modules\egg-logrotator\app\schedule\rotate_by_file.js
2020-04-27 15:16:40,150 INFO 21784 [egg-schedule]: register schedule C:\Users\LixWorth\Project\BlessingTodoBackend\node_modules\egg-multipart\app\schedule\clean_tmpdir.js
2020-04-27 15:16:40,150 INFO 21784 [egg-schedule]: register schedule C:\Users\LixWorth\Project\BlessingTodoBackend\node_modules\egg-logrotator\app\schedule\clean_log.js
2020-04-27 15:16:40,150 INFO 21784 [egg-schedule]: register schedule C:\Users\LixWorth\Project\BlessingTodoBackend\node_modules\egg-logrotator\app\schedule\rotate_by_file.js
2020-04-27 15:20:50,745 INFO 8252 [egg-schedule]: register schedule C:\Users\LixWorth\Project\BlessingTodoBackend\node_modules\egg-multipart\app\schedule\clean_tmpdir.js
2020-04-27 15:20:50,745 INFO 8252 [egg-schedule]: register schedule C:\Users\LixWorth\Project\BlessingTodoBackend\node_modules\egg-logrotator\app\schedule\clean_log.js
2020-04-27 15:20:50,745 INFO 8252 [egg-schedule]: register schedule C:\Users\LixWorth\Project\BlessingTodoBackend\node_modules\egg-logrotator\app\schedule\rotate_by_file.js
2020-04-27 15:25:08,938 INFO 21116 [egg-schedule]: register schedule C:\Users\LixWorth\Project\BlessingTodoBackend\node_modules\egg-multipart\app\schedule\clean_tmpdir.js
2020-04-27 15:25:08,938 INFO 21116 [egg-schedule]: register schedule C:\Users\LixWorth\Project\BlessingTodoBackend\node_modules\egg-logrotator\app\schedule\clean_log.js
2020-04-27 15:25:08,938 INFO 21116 [egg-schedule]: register schedule C:\Users\LixWorth\Project\BlessingTodoBackend\node_modules\egg-logrotator\app\schedule\rotate_by_file.js
2020-04-27 15:31:15,829 INFO 3528 [egg-schedule]: register schedule C:\Users\LixWorth\Project\BlessingTodoBackend\node_modules\egg-multipart\app\schedule\clean_tmpdir.js
2020-04-27 15:31:15,829 INFO 3528 [egg-schedule]: register schedule C:\Users\LixWorth\Project\BlessingTodoBackend\node_modules\egg-logrotator\app\schedule\clean_log.js
2020-04-27 15:31:15,829 INFO 3528 [egg-schedule]: register schedule C:\Users\LixWorth\Project\BlessingTodoBackend\node_modules\egg-logrotator\app\schedule\rotate_by_file.js
2020-04-27 15:31:34,219 INFO 18888 [egg-schedule]: register schedule C:\Users\LixWorth\Project\BlessingTodoBackend\node_modules\egg-multipart\app\schedule\clean_tmpdir.js
2020-04-27 15:31:34,219 INFO 18888 [egg-schedule]: register schedule C:\Users\LixWorth\Project\BlessingTodoBackend\node_modules\egg-logrotator\app\schedule\clean_log.js
2020-04-27 15:31:34,219 INFO 18888 [egg-schedule]: register schedule C:\Users\LixWorth\Project\BlessingTodoBackend\node_modules\egg-logrotator\app\schedule\rotate_by_file.js
2020-04-27 15:42:55,677 INFO 15208 [egg-schedule]: register schedule C:\Users\LixWorth\Project\BlessingTodoBackend\node_modules\egg-multipart\app\schedule\clean_tmpdir.js
2020-04-27 15:42:55,677 INFO 15208 [egg-schedule]: register schedule C:\Users\LixWorth\Project\BlessingTodoBackend\node_modules\egg-logrotator\app\schedule\clean_log.js
2020-04-27 15:42:55,677 INFO 15208 [egg-schedule]: register schedule C:\Users\LixWorth\Project\BlessingTodoBackend\node_modules\egg-logrotator\app\schedule\rotate_by_file.js
2020-04-27 16:23:17,160 INFO 7320 [egg-schedule]: register schedule C:\Users\LixWorth\Project\BlessingTodoBackend\node_modules\egg-multipart\app\schedule\clean_tmpdir.js
2020-04-27 16:23:17,160 INFO 7320 [egg-schedule]: register schedule C:\Users\LixWorth\Project\BlessingTodoBackend\node_modules\egg-logrotator\app\schedule\clean_log.js
2020-04-27 16:23:17,160 INFO 7320 [egg-schedule]: register schedule C:\Users\LixWorth\Project\BlessingTodoBackend\node_modules\egg-logrotator\app\schedule\rotate_by_file.js
2020-04-27 17:23:10,124 INFO 18108 [egg-schedule]: register schedule C:\Users\LixWorth\Project\BlessingTodoBackend\node_modules\egg-multipart\app\schedule\clean_tmpdir.js
2020-04-27 17:23:10,124 INFO 18108 [egg-schedule]: register schedule C:\Users\LixWorth\Project\BlessingTodoBackend\node_modules\egg-logrotator\app\schedule\clean_log.js
2020-04-27 17:23:10,124 INFO 18108 [egg-schedule]: register schedule C:\Users\LixWorth\Project\BlessingTodoBackend\node_modules\egg-logrotator\app\schedule\rotate_by_file.js
2020-04-27 17:23:32,415 INFO 12796 [egg-schedule]: register schedule C:\Users\LixWorth\Project\BlessingTodoBackend\node_modules\egg-multipart\app\schedule\clean_tmpdir.js
2020-04-27 17:23:32,415 INFO 12796 [egg-schedule]: register schedule C:\Users\LixWorth\Project\BlessingTodoBackend\node_modules\egg-logrotator\app\schedule\clean_log.js
2020-04-27 17:23:32,415 INFO 12796 [egg-schedule]: register schedule C:\Users\LixWorth\Project\BlessingTodoBackend\node_modules\egg-logrotator\app\schedule\rotate_by_file.js
2020-04-27 18:39:59,493 INFO 11108 [egg-schedule]: register schedule C:\Users\LixWorth\Project\BlessingTodoBackend\node_modules\egg-multipart\app\schedule\clean_tmpdir.js
2020-04-27 18:39:59,493 INFO 11108 [egg-schedule]: register schedule C:\Users\LixWorth\Project\BlessingTodoBackend\node_modules\egg-logrotator\app\schedule\clean_log.js
2020-04-27 18:39:59,493 INFO 11108 [egg-schedule]: register schedule C:\Users\LixWorth\Project\BlessingTodoBackend\node_modules\egg-logrotator\app\schedule\rotate_by_file.js
2020-04-27 18:39:59,847 INFO 7372 [Timer] C:\Users\LixWorth\Project\BlessingTodoBackend\node_modules\egg-multipart\app\schedule\clean_tmpdir.js next time will execute after 35400157ms at 2020-04-28 04:30:00.004
2020-04-27 18:39:59,847 INFO 7372 [Timer] C:\Users\LixWorth\Project\BlessingTodoBackend\node_modules\egg-logrotator\app\schedule\clean_log.js next time will execute after 19200153ms at 2020-04-28 00:00:00.000
2020-04-27 18:39:59,848 INFO 7372 [Timer] C:\Users\LixWorth\Project\BlessingTodoBackend\node_modules\egg-logrotator\app\schedule\rotate_by_file.js next time will execute after 19201153ms at 2020-04-28 00:00:01.001
2020-04-27 19:38:54,614 INFO 21252 [egg-schedule]: register schedule C:\Users\LixWorth\Project\BlessingTodoBackend\node_modules\egg-multipart\app\schedule\clean_tmpdir.js
2020-04-27 19:38:54,614 INFO 21252 [egg-schedule]: register schedule C:\Users\LixWorth\Project\BlessingTodoBackend\node_modules\egg-logrotator\app\schedule\clean_log.js
2020-04-27 19:38:54,614 INFO 21252 [egg-schedule]: register schedule C:\Users\LixWorth\Project\BlessingTodoBackend\node_modules\egg-logrotator\app\schedule\rotate_by_file.js
2020-04-27 19:45:26,203 INFO 18212 [egg-schedule]: register schedule C:\Users\LixWorth\Project\BlessingTodoBackend\node_modules\egg-multipart\app\schedule\clean_tmpdir.js
2020-04-27 19:45:26,203 INFO 18212 [egg-schedule]: register schedule C:\Users\LixWorth\Project\BlessingTodoBackend\node_modules\egg-logrotator\app\schedule\clean_log.js
2020-04-27 19:45:26,203 INFO 18212 [egg-schedule]: register schedule C:\Users\LixWorth\Project\BlessingTodoBackend\node_modules\egg-logrotator\app\schedule\rotate_by_file.js
2020-04-27 19:46:31,063 INFO 21036 [egg-schedule]: register schedule C:\Users\LixWorth\Project\BlessingTodoBackend\node_modules\egg-multipart\app\schedule\clean_tmpdir.js
2020-04-27 19:46:31,063 INFO 21036 [egg-schedule]: register schedule C:\Users\LixWorth\Project\BlessingTodoBackend\node_modules\egg-logrotator\app\schedule\clean_log.js
2020-04-27 19:46:31,063 INFO 21036 [egg-schedule]: register schedule C:\Users\LixWorth\Project\BlessingTodoBackend\node_modules\egg-logrotator\app\schedule\rotate_by_file.js
2020-04-27 19:51:59,901 INFO 7364 [egg-schedule]: register schedule C:\Users\LixWorth\Project\BlessingTodoBackend\node_modules\egg-multipart\app\schedule\clean_tmpdir.js
2020-04-27 19:51:59,902 INFO 7364 [egg-schedule]: register schedule C:\Users\LixWorth\Project\BlessingTodoBackend\node_modules\egg-logrotator\app\schedule\clean_log.js
2020-04-27 19:51:59,902 INFO 7364 [egg-schedule]: register schedule C:\Users\LixWorth\Project\BlessingTodoBackend\node_modules\egg-logrotator\app\schedule\rotate_by_file.js
2020-04-27 19:53:04,899 INFO 21796 [egg-schedule]: register schedule C:\Users\LixWorth\Project\BlessingTodoBackend\node_modules\egg-multipart\app\schedule\clean_tmpdir.js
2020-04-27 19:53:04,899 INFO 21796 [egg-schedule]: register schedule C:\Users\LixWorth\Project\BlessingTodoBackend\node_modules\egg-logrotator\app\schedule\clean_log.js
2020-04-27 19:53:04,899 INFO 21796 [egg-schedule]: register schedule C:\Users\LixWorth\Project\BlessingTodoBackend\node_modules\egg-logrotator\app\schedule\rotate_by_file.js
2020-04-27 19:53:16,960 INFO 19900 [egg-schedule]: register schedule C:\Users\LixWorth\Project\BlessingTodoBackend\node_modules\egg-multipart\app\schedule\clean_tmpdir.js
2020-04-27 19:53:16,960 INFO 19900 [egg-schedule]: register schedule C:\Users\LixWorth\Project\BlessingTodoBackend\node_modules\egg-logrotator\app\schedule\clean_log.js
2020-04-27 19:53:16,960 INFO 19900 [egg-schedule]: register schedule C:\Users\LixWorth\Project\BlessingTodoBackend\node_modules\egg-logrotator\app\schedule\rotate_by_file.js
2020-04-27 19:53:20,738 INFO 6324 [egg-schedule]: register schedule C:\Users\LixWorth\Project\BlessingTodoBackend\node_modules\egg-multipart\app\schedule\clean_tmpdir.js
2020-04-27 19:53:20,738 INFO 6324 [egg-schedule]: register schedule C:\Users\LixWorth\Project\BlessingTodoBackend\node_modules\egg-logrotator\app\schedule\clean_log.js
2020-04-27 19:53:20,738 INFO 6324 [egg-schedule]: register schedule C:\Users\LixWorth\Project\BlessingTodoBackend\node_modules\egg-logrotator\app\schedule\rotate_by_file.js
2020-04-27 20:04:16,814 INFO 5840 [egg-schedule]: register schedule C:\Users\LixWorth\Project\BlessingTodoBackend\node_modules\egg-multipart\app\schedule\clean_tmpdir.js
2020-04-27 20:04:16,814 INFO 5840 [egg-schedule]: register schedule C:\Users\LixWorth\Project\BlessingTodoBackend\node_modules\egg-logrotator\app\schedule\clean_log.js
2020-04-27 20:04:16,814 INFO 5840 [egg-schedule]: register schedule C:\Users\LixWorth\Project\BlessingTodoBackend\node_modules\egg-logrotator\app\schedule\rotate_by_file.js
2020-04-27 20:05:01,426 INFO 18844 [egg-schedule]: register schedule C:\Users\LixWorth\Project\BlessingTodoBackend\node_modules\egg-multipart\app\schedule\clean_tmpdir.js
2020-04-27 20:05:01,426 INFO 18844 [egg-schedule]: register schedule C:\Users\LixWorth\Project\BlessingTodoBackend\node_modules\egg-logrotator\app\schedule\clean_log.js
2020-04-27 20:05:01,426 INFO 18844 [egg-schedule]: register schedule C:\Users\LixWorth\Project\BlessingTodoBackend\node_modules\egg-logrotator\app\schedule\rotate_by_file.js
2020-04-27 20:05:57,589 INFO 11084 [egg-schedule]: register schedule C:\Users\LixWorth\Project\BlessingTodoBackend\node_modules\egg-multipart\app\schedule\clean_tmpdir.js
2020-04-27 20:05:57,589 INFO 11084 [egg-schedule]: register schedule C:\Users\LixWorth\Project\BlessingTodoBackend\node_modules\egg-logrotator\app\schedule\clean_log.js
2020-04-27 20:05:57,589 INFO 11084 [egg-schedule]: register schedule C:\Users\LixWorth\Project\BlessingTodoBackend\node_modules\egg-logrotator\app\schedule\rotate_by_file.js
2020-04-27 20:10:42,046 INFO 12328 [egg-schedule]: register schedule C:\Users\LixWorth\Project\BlessingTodoBackend\node_modules\egg-multipart\app\schedule\clean_tmpdir.js
2020-04-27 20:10:42,046 INFO 12328 [egg-schedule]: register schedule C:\Users\LixWorth\Project\BlessingTodoBackend\node_modules\egg-logrotator\app\schedule\clean_log.js
2020-04-27 20:10:42,046 INFO 12328 [egg-schedule]: register schedule C:\Users\LixWorth\Project\BlessingTodoBackend\node_modules\egg-logrotator\app\schedule\rotate_by_file.js
2020-04-27 20:11:09,874 INFO 15216 [egg-schedule]: register schedule C:\Users\LixWorth\Project\BlessingTodoBackend\node_modules\egg-multipart\app\schedule\clean_tmpdir.js
2020-04-27 20:11:09,874 INFO 15216 [egg-schedule]: register schedule C:\Users\LixWorth\Project\BlessingTodoBackend\node_modules\egg-logrotator\app\schedule\clean_log.js
2020-04-27 20:11:09,874 INFO 15216 [egg-schedule]: register schedule C:\Users\LixWorth\Project\BlessingTodoBackend\node_modules\egg-logrotator\app\schedule\rotate_by_file.js
2020-04-27 20:11:11,743 INFO 18540 [egg-schedule]: register schedule C:\Users\LixWorth\Project\BlessingTodoBackend\node_modules\egg-multipart\app\schedule\clean_tmpdir.js
2020-04-27 20:11:11,743 INFO 18540 [egg-schedule]: register schedule C:\Users\LixWorth\Project\BlessingTodoBackend\node_modules\egg-logrotator\app\schedule\clean_log.js
2020-04-27 20:11:11,743 INFO 18540 [egg-schedule]: register schedule C:\Users\LixWorth\Project\BlessingTodoBackend\node_modules\egg-logrotator\app\schedule\rotate_by_file.js
2020-04-27 20:12:32,717 INFO 21660 [egg-schedule]: register schedule C:\Users\LixWorth\Project\BlessingTodoBackend\node_modules\egg-multipart\app\schedule\clean_tmpdir.js
2020-04-27 20:12:32,717 INFO 21660 [egg-schedule]: register schedule C:\Users\LixWorth\Project\BlessingTodoBackend\node_modules\egg-logrotator\app\schedule\clean_log.js
2020-04-27 20:12:32,717 INFO 21660 [egg-schedule]: register schedule C:\Users\LixWorth\Project\BlessingTodoBackend\node_modules\egg-logrotator\app\schedule\rotate_by_file.js
2020-05-02 14:32:41,123 INFO 18120 [Timer] C:\Users\LixWorth\Project\BlessingTodoBackend\node_modules\egg-multipart\app\schedule\clean_tmpdir.js next time will execute after 50238879ms at 2020-05-03 04:30:00.002
2020-05-02 14:32:41,123 INFO 18120 [Timer] C:\Users\LixWorth\Project\BlessingTodoBackend\node_modules\egg-logrotator\app\schedule\clean_log.js next time will execute after 34038877ms at 2020-05-03 00:00:00.000
2020-05-02 14:32:41,124 INFO 18120 [Timer] C:\Users\LixWorth\Project\BlessingTodoBackend\node_modules\egg-logrotator\app\schedule\rotate_by_file.js next time will execute after 34039877ms at 2020-05-03 00:00:01.001
2020-05-02 14:32:40,884 INFO 7364 [egg-schedule]: register schedule C:\Users\LixWorth\Project\BlessingTodoBackend\node_modules\egg-multipart\app\schedule\clean_tmpdir.js
2020-05-02 14:32:40,884 INFO 7364 [egg-schedule]: register schedule C:\Users\LixWorth\Project\BlessingTodoBackend\node_modules\egg-logrotator\app\schedule\clean_log.js
2020-05-02 14:32:40,884 INFO 7364 [egg-schedule]: register schedule C:\Users\LixWorth\Project\BlessingTodoBackend\node_modules\egg-logrotator\app\schedule\rotate_by_file.js
2020-05-02 14:39:54,142 INFO 8372 [egg-schedule]: register schedule C:\Users\LixWorth\Project\BlessingTodoBackend\node_modules\egg-multipart\app\schedule\clean_tmpdir.js
2020-05-02 14:39:54,142 INFO 8372 [egg-schedule]: register schedule C:\Users\LixWorth\Project\BlessingTodoBackend\node_modules\egg-logrotator\app\schedule\clean_log.js
2020-05-02 14:39:54,142 INFO 8372 [egg-schedule]: register schedule C:\Users\LixWorth\Project\BlessingTodoBackend\node_modules\egg-logrotator\app\schedule\rotate_by_file.js
